<?xml version="1.0" encoding="UTF-8"?>
<testsuite name="org.traccar.protocol.AstraProtocolDecoderTest" tests="1" skipped="0" failures="0" errors="0" timestamp="2020-10-01T18:55:23" hostname="7erry" time="0.0">
  <properties/>
  <testcase name="testDecode" classname="org.traccar.protocol.AstraProtocolDecoderTest" time="0.0"/>
  <system-out><![CDATA[]]></system-out>
  <system-err><![CDATA[]]></system-err>
</testsuite>
