<?xml version="1.0" encoding="UTF-8"?>
<testsuite name="org.traccar.protocol.TeltonikaProtocolDecoderTest" tests="3" skipped="1" failures="0" errors="0" timestamp="2020-10-01T18:55:23" hostname="7erry" time="0.012">
  <properties/>
  <testcase name="testDecodeConnectionless" classname="org.traccar.protocol.TeltonikaProtocolDecoderTest" time="0.0">
    <skipped/>
  </testcase>
  <testcase name="testDecodePhoto" classname="org.traccar.protocol.TeltonikaProtocolDecoderTest" time="0.009"/>
  <testcase name="testDecode" classname="org.traccar.protocol.TeltonikaProtocolDecoderTest" time="0.003"/>
  <system-out><![CDATA[]]></system-out>
  <system-err><![CDATA[]]></system-err>
</testsuite>
