<?xml version="1.0" encoding="UTF-8"?>
<testsuite name="org.traccar.protocol.OmnicommProtocolDecoderTest" tests="1" skipped="0" failures="0" errors="0" timestamp="2020-10-01T18:55:22" hostname="7erry" time="0.035">
  <properties/>
  <testcase name="testDecode" classname="org.traccar.protocol.OmnicommProtocolDecoderTest" time="0.035"/>
  <system-out><![CDATA[]]></system-out>
  <system-err><![CDATA[]]></system-err>
</testsuite>
