<?xml version="1.0" encoding="UTF-8"?>
<testsuite name="org.traccar.database.DataManagerTest" tests="2" skipped="0" failures="0" errors="0" timestamp="2020-10-01T18:55:22" hostname="7erry" time="0.012">
  <properties/>
  <testcase name="constructObjectQuery" classname="org.traccar.database.DataManagerTest" time="0.01"/>
  <testcase name="constructPermissionsQuery" classname="org.traccar.database.DataManagerTest" time="0.002"/>
  <system-out><![CDATA[]]></system-out>
  <system-err><![CDATA[]]></system-err>
</testsuite>
