<?xml version="1.0" encoding="UTF-8"?>
<testsuite name="org.traccar.protocol.H02ProtocolDecoderTest" tests="2" skipped="0" failures="0" errors="0" timestamp="2020-10-01T18:55:23" hostname="7erry" time="0.005">
  <properties/>
  <testcase name="testDecodeStatus" classname="org.traccar.protocol.H02ProtocolDecoderTest" time="0.002"/>
  <testcase name="testDecode" classname="org.traccar.protocol.H02ProtocolDecoderTest" time="0.003"/>
  <system-out><![CDATA[]]></system-out>
  <system-err><![CDATA[]]></system-err>
</testsuite>
