<?xml version="1.0" encoding="UTF-8"?>
<testsuite name="org.traccar.helper.BitUtilTest" tests="4" skipped="0" failures="0" errors="0" timestamp="2020-10-01T18:55:23" hostname="7erry" time="0.001">
  <properties/>
  <testcase name="testCheck" classname="org.traccar.helper.BitUtilTest" time="0.0"/>
  <testcase name="testFrom" classname="org.traccar.helper.BitUtilTest" time="0.0"/>
  <testcase name="testTo" classname="org.traccar.helper.BitUtilTest" time="0.0"/>
  <testcase name="testBetween" classname="org.traccar.helper.BitUtilTest" time="0.001"/>
  <system-out><![CDATA[]]></system-out>
  <system-err><![CDATA[]]></system-err>
</testsuite>
