<?xml version="1.0" encoding="UTF-8"?>
<testsuite name="org.traccar.geofence.GeofencePolylineTest" tests="4" skipped="0" failures="0" errors="0" timestamp="2020-10-01T18:55:23" hostname="7erry" time="0.002">
  <properties/>
  <testcase name="testPolylineWkt" classname="org.traccar.geofence.GeofencePolylineTest" time="0.001"/>
  <testcase name="testContainsPolylineNear180" classname="org.traccar.geofence.GeofencePolylineTest" time="0.0"/>
  <testcase name="testContainsPolyline1Interval" classname="org.traccar.geofence.GeofencePolylineTest" time="0.001"/>
  <testcase name="testContainsPolyline3Intervals" classname="org.traccar.geofence.GeofencePolylineTest" time="0.0"/>
  <system-out><![CDATA[]]></system-out>
  <system-err><![CDATA[]]></system-err>
</testsuite>
