<?xml version="1.0" encoding="UTF-8"?>
<testsuite name="org.traccar.WebDataHandlerTest" tests="1" skipped="0" failures="0" errors="0" timestamp="2020-10-01T18:55:22" hostname="7erry" time="0.208">
  <properties/>
  <testcase name="testFormatRequest" classname="org.traccar.WebDataHandlerTest" time="0.208"/>
  <system-out><![CDATA[]]></system-out>
  <system-err><![CDATA[]]></system-err>
</testsuite>
