<?xml version="1.0" encoding="UTF-8"?>
<testsuite name="org.traccar.protocol.H02ProtocolEncoderTest" tests="5" skipped="0" failures="0" errors="0" timestamp="2020-10-01T18:55:23" hostname="7erry" time="0.011">
  <properties/>
  <testcase name="testAlarmDisarmEncode" classname="org.traccar.protocol.H02ProtocolEncoderTest" time="0.01"/>
  <testcase name="testPositionPeriodicEncode" classname="org.traccar.protocol.H02ProtocolEncoderTest" time="0.001"/>
  <testcase name="testEngineResumeEncode" classname="org.traccar.protocol.H02ProtocolEncoderTest" time="0.0"/>
  <testcase name="testAlarmArmEncode" classname="org.traccar.protocol.H02ProtocolEncoderTest" time="0.0"/>
  <testcase name="testEngineStopEncode" classname="org.traccar.protocol.H02ProtocolEncoderTest" time="0.0"/>
  <system-out><![CDATA[]]></system-out>
  <system-err><![CDATA[]]></system-err>
</testsuite>
