<?xml version="1.0" encoding="UTF-8"?>
<testsuite name="org.traccar.protocol.NavisProtocolDecoderTest" tests="3" skipped="0" failures="0" errors="0" timestamp="2020-10-01T18:55:23" hostname="7erry" time="0.005">
  <properties/>
  <testcase name="testDecodeNtcb" classname="org.traccar.protocol.NavisProtocolDecoderTest" time="0.002"/>
  <testcase name="testDecodeFlex10" classname="org.traccar.protocol.NavisProtocolDecoderTest" time="0.002"/>
  <testcase name="testDecodeFlex20" classname="org.traccar.protocol.NavisProtocolDecoderTest" time="0.001"/>
  <system-out><![CDATA[]]></system-out>
  <system-err><![CDATA[]]></system-err>
</testsuite>
