<?xml version="1.0" encoding="UTF-8"?>
<testsuite name="org.traccar.helper.LogTest" tests="2" skipped="0" failures="0" errors="0" timestamp="2020-10-01T18:55:23" hostname="7erry" time="0.001">
  <properties/>
  <testcase name="testExceptionStack" classname="org.traccar.helper.LogTest" time="0.001"/>
  <testcase name="testExceptionStackRootCause" classname="org.traccar.helper.LogTest" time="0.0"/>
  <system-out><![CDATA[]]></system-out>
  <system-err><![CDATA[]]></system-err>
</testsuite>
