<?xml version="1.0" encoding="UTF-8"?>
<testsuite name="org.traccar.protocol.Pt502ProtocolEncoderTest" tests="4" skipped="0" failures="0" errors="0" timestamp="2020-10-01T18:55:23" hostname="7erry" time="0.002">
  <properties/>
  <testcase name="testEncodeCustom" classname="org.traccar.protocol.Pt502ProtocolEncoderTest" time="0.001"/>
  <testcase name="testEncodeAlarmSpeed" classname="org.traccar.protocol.Pt502ProtocolEncoderTest" time="0.0"/>
  <testcase name="testEncodeTimezone" classname="org.traccar.protocol.Pt502ProtocolEncoderTest" time="0.0"/>
  <testcase name="testEncodeOutputControl" classname="org.traccar.protocol.Pt502ProtocolEncoderTest" time="0.0"/>
  <system-out><![CDATA[]]></system-out>
  <system-err><![CDATA[]]></system-err>
</testsuite>
