<?xml version="1.0" encoding="UTF-8"?>
<testsuite name="org.traccar.helper.BcdUtilTest" tests="2" skipped="0" failures="0" errors="0" timestamp="2020-10-01T18:55:23" hostname="7erry" time="0.0">
  <properties/>
  <testcase name="testReadCoordinate" classname="org.traccar.helper.BcdUtilTest" time="0.0"/>
  <testcase name="testReadInteger" classname="org.traccar.helper.BcdUtilTest" time="0.0"/>
  <system-out><![CDATA[]]></system-out>
  <system-err><![CDATA[]]></system-err>
</testsuite>
