<?xml version="1.0" encoding="UTF-8"?>
<testsuite name="org.traccar.protocol.Tk103ProtocolEncoderTest" tests="20" skipped="0" failures="0" errors="0" timestamp="2020-10-01T18:55:23" hostname="7erry" time="0.004">
  <properties/>
  <testcase name="testEncodeRebootDeviceAlternative" classname="org.traccar.protocol.Tk103ProtocolEncoderTest" time="0.001"/>
  <testcase name="testEncodeGetVersionAlternative" classname="org.traccar.protocol.Tk103ProtocolEncoderTest" time="0.0"/>
  <testcase name="testEncodePositionStopAlternative" classname="org.traccar.protocol.Tk103ProtocolEncoderTest" time="0.0"/>
  <testcase name="testEncodeSosOnAlternative" classname="org.traccar.protocol.Tk103ProtocolEncoderTest" time="0.0"/>
  <testcase name="testEncodeGetVersion" classname="org.traccar.protocol.Tk103ProtocolEncoderTest" time="0.0"/>
  <testcase name="testEncodeEngineStop" classname="org.traccar.protocol.Tk103ProtocolEncoderTest" time="0.001"/>
  <testcase name="testEncodeSosOffAlternative" classname="org.traccar.protocol.Tk103ProtocolEncoderTest" time="0.0"/>
  <testcase name="testEncodeSetConnectionAlternative" classname="org.traccar.protocol.Tk103ProtocolEncoderTest" time="0.0"/>
  <testcase name="testEncodeRebootDevice" classname="org.traccar.protocol.Tk103ProtocolEncoderTest" time="0.0"/>
  <testcase name="testEncodePositionPeriodic" classname="org.traccar.protocol.Tk103ProtocolEncoderTest" time="0.0"/>
  <testcase name="testEncodeCustom" classname="org.traccar.protocol.Tk103ProtocolEncoderTest" time="0.0"/>
  <testcase name="testEncodeIdentificationAlternative" classname="org.traccar.protocol.Tk103ProtocolEncoderTest" time="0.001"/>
  <testcase name="testEncodePositionSingleAlternative" classname="org.traccar.protocol.Tk103ProtocolEncoderTest" time="0.0"/>
  <testcase name="testEncodeSosNumberAlternative" classname="org.traccar.protocol.Tk103ProtocolEncoderTest" time="0.0"/>
  <testcase name="testEncodeCustomAlternative" classname="org.traccar.protocol.Tk103ProtocolEncoderTest" time="0.0"/>
  <testcase name="testEncodeOutputControl" classname="org.traccar.protocol.Tk103ProtocolEncoderTest" time="0.001"/>
  <testcase name="testEncodePositionSingle" classname="org.traccar.protocol.Tk103ProtocolEncoderTest" time="0.0"/>
  <testcase name="testEncodePositionStop" classname="org.traccar.protocol.Tk103ProtocolEncoderTest" time="0.0"/>
  <testcase name="testEncodeSetOdometer" classname="org.traccar.protocol.Tk103ProtocolEncoderTest" time="0.0"/>
  <testcase name="testEncodePositionPeriodicAlternative" classname="org.traccar.protocol.Tk103ProtocolEncoderTest" time="0.0"/>
  <system-out><![CDATA[]]></system-out>
  <system-err><![CDATA[]]></system-err>
</testsuite>
