<?xml version="1.0" encoding="UTF-8"?>
<testsuite name="org.traccar.protocol.EgtsProtocolDecoderTest" tests="2" skipped="0" failures="0" errors="0" timestamp="2020-10-01T18:55:22" hostname="7erry" time="0.003">
  <properties/>
  <testcase name="testDecodeWithAuth" classname="org.traccar.protocol.EgtsProtocolDecoderTest" time="0.002"/>
  <testcase name="testDecodeWithObjectId" classname="org.traccar.protocol.EgtsProtocolDecoderTest" time="0.001"/>
  <system-out><![CDATA[]]></system-out>
  <system-err><![CDATA[]]></system-err>
</testsuite>
