<?xml version="1.0" encoding="UTF-8"?>
<testsuite name="org.traccar.helper.ServletHelperTest" tests="3" skipped="0" failures="0" errors="0" timestamp="2020-10-01T18:55:23" hostname="7erry" time="0.003">
  <properties/>
  <testcase name="testRetrieveRemoteAddressProxySingle" classname="org.traccar.helper.ServletHelperTest" time="0.002"/>
  <testcase name="testRetrieveRemoteAddressNoProxy" classname="org.traccar.helper.ServletHelperTest" time="0.0"/>
  <testcase name="testRetrieveRemoteAddressProxyMultiple" classname="org.traccar.helper.ServletHelperTest" time="0.001"/>
  <system-out><![CDATA[]]></system-out>
  <system-err><![CDATA[]]></system-err>
</testsuite>
