<?xml version="1.0" encoding="UTF-8"?>
<testsuite name="org.traccar.handler.ComputedAttributesTest" tests="1" skipped="0" failures="0" errors="0" timestamp="2020-10-01T18:55:22" hostname="7erry" time="0.065">
  <properties/>
  <testcase name="testComputedAttributes" classname="org.traccar.handler.ComputedAttributesTest" time="0.065"/>
  <system-out><![CDATA[]]></system-out>
  <system-err><![CDATA[]]></system-err>
</testsuite>
