<?xml version="1.0" encoding="UTF-8"?>
<testsuite name="org.traccar.protocol.T55ProtocolDecoderTest" tests="2" skipped="0" failures="0" errors="0" timestamp="2020-10-01T18:55:23" hostname="7erry" time="0.003">
  <properties/>
  <testcase name="testMaxonDecode" classname="org.traccar.protocol.T55ProtocolDecoderTest" time="0.001"/>
  <testcase name="testDecode" classname="org.traccar.protocol.T55ProtocolDecoderTest" time="0.001"/>
  <system-out><![CDATA[]]></system-out>
  <system-err><![CDATA[]]></system-err>
</testsuite>
