<?xml version="1.0" encoding="UTF-8"?>
<testsuite name="org.traccar.handler.events.MotionEventHandlerTest" tests="3" skipped="0" failures="0" errors="0" timestamp="2020-10-01T18:55:22" hostname="7erry" time="0.004">
  <properties/>
  <testcase name="testMotionWithPosition" classname="org.traccar.handler.events.MotionEventHandlerTest" time="0.003"/>
  <testcase name="testStopWithPositionIgnition" classname="org.traccar.handler.events.MotionEventHandlerTest" time="0.001"/>
  <testcase name="testMotionWithStatus" classname="org.traccar.handler.events.MotionEventHandlerTest" time="0.0"/>
  <system-out><![CDATA[]]></system-out>
  <system-err><![CDATA[]]></system-err>
</testsuite>
