<?xml version="1.0" encoding="UTF-8"?>
<testsuite name="org.traccar.protocol.WatchProtocolEncoderTest" tests="2" skipped="0" failures="0" errors="0" timestamp="2020-10-01T18:55:23" hostname="7erry" time="0.006">
  <properties/>
  <testcase name="testEncodeTimezone" classname="org.traccar.protocol.WatchProtocolEncoderTest" time="0.003"/>
  <testcase name="testEncode" classname="org.traccar.protocol.WatchProtocolEncoderTest" time="0.003"/>
  <system-out><![CDATA[]]></system-out>
  <system-err><![CDATA[]]></system-err>
</testsuite>
