<?xml version="1.0" encoding="UTF-8"?>
<testsuite name="org.traccar.reports.ReportUtilsTest" tests="10" skipped="0" failures="0" errors="0" timestamp="2020-10-01T18:55:24" hostname="7erry" time="0.006">
  <properties/>
  <testcase name="testDetectStopsStartedFromTrip" classname="org.traccar.reports.ReportUtilsTest" time="0.001"/>
  <testcase name="testDetectStopsMoving" classname="org.traccar.reports.ReportUtilsTest" time="0.0"/>
  <testcase name="testDetectTripsSimple" classname="org.traccar.reports.ReportUtilsTest" time="0.001"/>
  <testcase name="testCalculateSpentFuel" classname="org.traccar.reports.ReportUtilsTest" time="0.001"/>
  <testcase name="testDetectStopsWithTripCut" classname="org.traccar.reports.ReportUtilsTest" time="0.001"/>
  <testcase name="testDetectTripsWithFluctuation" classname="org.traccar.reports.ReportUtilsTest" time="0.0"/>
  <testcase name="testCalculateDistance" classname="org.traccar.reports.ReportUtilsTest" time="0.0"/>
  <testcase name="testDetectTripAndStopByGap" classname="org.traccar.reports.ReportUtilsTest" time="0.001"/>
  <testcase name="testDetectStopsOnly" classname="org.traccar.reports.ReportUtilsTest" time="0.0"/>
  <testcase name="testDetectTripsSimpleWithIgnition" classname="org.traccar.reports.ReportUtilsTest" time="0.001"/>
  <system-out><![CDATA[]]></system-out>
  <system-err><![CDATA[]]></system-err>
</testsuite>
