<?xml version="1.0" encoding="UTF-8"?>
<testsuite name="org.traccar.geocoder.GeocoderTest" tests="10" skipped="10" failures="0" errors="0" timestamp="2020-10-01T18:55:23" hostname="7erry" time="0.0">
  <properties/>
  <testcase name="testBan" classname="org.traccar.geocoder.GeocoderTest" time="0.0">
    <skipped/>
  </testcase>
  <testcase name="testPositionStack" classname="org.traccar.geocoder.GeocoderTest" time="0.0">
    <skipped/>
  </testcase>
  <testcase name="testHere" classname="org.traccar.geocoder.GeocoderTest" time="0.0">
    <skipped/>
  </testcase>
  <testcase name="testMapmyIndia" classname="org.traccar.geocoder.GeocoderTest" time="0.0">
    <skipped/>
  </testcase>
  <testcase name="testGeocodeXyz" classname="org.traccar.geocoder.GeocoderTest" time="0.0">
    <skipped/>
  </testcase>
  <testcase name="testGisgraphy" classname="org.traccar.geocoder.GeocoderTest" time="0.0">
    <skipped/>
  </testcase>
  <testcase name="testOpenCage" classname="org.traccar.geocoder.GeocoderTest" time="0.0">
    <skipped/>
  </testcase>
  <testcase name="testNominatim" classname="org.traccar.geocoder.GeocoderTest" time="0.0">
    <skipped/>
  </testcase>
  <testcase name="testGeocodeFarm" classname="org.traccar.geocoder.GeocoderTest" time="0.0">
    <skipped/>
  </testcase>
  <testcase name="testGoogle" classname="org.traccar.geocoder.GeocoderTest" time="0.0">
    <skipped/>
  </testcase>
  <system-out><![CDATA[]]></system-out>
  <system-err><![CDATA[]]></system-err>
</testsuite>
